# JRE version: OpenJDK Runtime Environment (8.0_152-b01) (build 1.8.0_152-release-915-b01)
# Java VM: OpenJDK 64-Bit Server VM (25.152-b01 mixed mode windows-amd64 compressed oops)
Heap:
 PSYoungGen      total 96256K, used 12001K [0x00000000e0000000, 0x00000000e7100000, 0x0000000100000000)
  eden space 89088K, 5% used [0x00000000e0000000,0x00000000e04e2d60,0x00000000e5700000)
  from space 7168K, 97% used [0x00000000e6a00000,0x00000000e70d5788,0x00000000e7100000)
  to   space 11264K, 0% used [0x00000000e5b00000,0x00000000e5b00000,0x00000000e6600000)
 ParOldGen       total 103936K, used 14881K [0x00000000a0000000, 0x00000000a6580000, 0x00000000e0000000)
  object space 103936K, 14% used [0x00000000a0000000,0x00000000a0e88710,0x00000000a6580000)
 Metaspace       used 41254K, capacity 42120K, committed 42456K, reserved 1085440K
  class space    used 5476K, capacity 5821K, committed 5888K, reserved 1048576K
GC Heap History (10 events):
Event: 38.108 GC heap before
{Heap before GC invocations=8 (full 1):
 PSYoungGen      total 58880K, used 53221K [0x00000000e0000000, 0x00000000e4400000, 0x0000000100000000)
  eden space 47616K, 100% used [0x00000000e0000000,0x00000000e2e80000,0x00000000e2e80000)
  from space 11264K, 49% used [0x00000000e3880000,0x00000000e3df94d0,0x00000000e4380000)
  to   space 10240K, 0% used [0x00000000e2e80000,0x00000000e2e80000,0x00000000e3880000)
 ParOldGen       total 67584K, used 8827K [0x00000000a0000000, 0x00000000a4200000, 0x00000000e0000000)
  object space 67584K, 13% used [0x00000000a0000000,0x00000000a089ef50,0x00000000a4200000)
 Metaspace       used 29540K, capacity 30170K, committed 30336K, reserved 1075200K
  class space    used 3908K, capacity 4157K, committed 4224K, reserved 1048576K
Event: 38.194 GC heap after
Heap after GC invocations=8 (full 1):
 PSYoungGen      total 57856K, used 6671K [0x00000000e0000000, 0x00000000e5b80000, 0x0000000100000000)
  eden space 47616K, 0% used [0x00000000e0000000,0x00000000e0000000,0x00000000e2e80000)
  from space 10240K, 65% used [0x00000000e2e80000,0x00000000e3503c90,0x00000000e3880000)
  to   space 10240K, 0% used [0x00000000e5180000,0x00000000e5180000,0x00000000e5b80000)
 ParOldGen       total 67584K, used 8835K [0x00000000a0000000, 0x00000000a4200000, 0x00000000e0000000)
  object space 67584K, 13% used [0x00000000a0000000,0x00000000a08a0f50,0x00000000a4200000)
 Metaspace       used 29540K, capacity 30170K, committed 30336K, reserved 1075200K
  class space    used 3908K, capacity 4157K, committed 4224K, reserved 1048576K
}
Event: 44.517 GC heap before
{Heap before GC invocations=9 (full 1):
 PSYoungGen      total 57856K, used 54287K [0x00000000e0000000, 0x00000000e5b80000, 0x0000000100000000)
  eden space 47616K, 100% used [0x00000000e0000000,0x00000000e2e80000,0x00000000e2e80000)
  from space 10240K, 65% used [0x00000000e2e80000,0x00000000e3503c90,0x00000000e3880000)
  to   space 10240K, 0% used [0x00000000e5180000,0x00000000e5180000,0x00000000e5b80000)
 ParOldGen       total 67584K, used 8835K [0x00000000a0000000, 0x00000000a4200000, 0x00000000e0000000)
  object space 67584K, 13% used [0x00000000a0000000,0x00000000a08a0f50,0x00000000a4200000)
 Metaspace       used 32483K, capacity 33188K, committed 33536K, reserved 1077248K
  class space    used 4440K, capacity 4759K, committed 4864K, reserved 1048576K
Event: 44.633 GC heap after
Heap after GC invocations=9 (full 1):
 PSYoungGen      total 81920K, used 10227K [0x00000000e0000000, 0x00000000e6080000, 0x0000000100000000)
  eden space 71680K, 0% used [0x00000000e0000000,0x00000000e0000000,0x00000000e4600000)
  from space 10240K, 99% used [0x00000000e5180000,0x00000000e5b7cfe8,0x00000000e5b80000)
  to   space 11776K, 0% used [0x00000000e4600000,0x00000000e4600000,0x00000000e5180000)
 ParOldGen       total 67584K, used 8990K [0x00000000a0000000, 0x00000000a4200000, 0x00000000e0000000)
  object space 67584K, 13% used [0x00000000a0000000,0x00000000a08c78b8,0x00000000a4200000)
 Metaspace       used 32483K, capacity 33188K, committed 33536K, reserved 1077248K
  class space    used 4440K, capacity 4759K, committed 4864K, reserved 1048576K
}
Event: 50.427 GC heap before
{Heap before GC invocations=10 (full 1):
 PSYoungGen      total 81920K, used 40565K [0x00000000e0000000, 0x00000000e6080000, 0x0000000100000000)
  eden space 71680K, 42% used [0x00000000e0000000,0x00000000e1da06f8,0x00000000e4600000)
  from space 10240K, 99% used [0x00000000e5180000,0x00000000e5b7cfe8,0x00000000e5b80000)
  to   space 11776K, 0% used [0x00000000e4600000,0x00000000e4600000,0x00000000e5180000)
 ParOldGen       total 67584K, used 8990K [0x00000000a0000000, 0x00000000a4200000, 0x00000000e0000000)
  object space 67584K, 13% used [0x00000000a0000000,0x00000000a08c78b8,0x00000000a4200000)
 Metaspace       used 34595K, capacity 35268K, committed 35416K, reserved 1079296K
  class space    used 4643K, capacity 4919K, committed 4992K, reserved 1048576K
Event: 50.514 GC heap after
Heap after GC invocations=10 (full 1):
 PSYoungGen      total 83456K, used 8699K [0x00000000e0000000, 0x00000000e7580000, 0x0000000100000000)
  eden space 71680K, 0% used [0x00000000e0000000,0x00000000e0000000,0x00000000e4600000)
  from space 11776K, 73% used [0x00000000e4600000,0x00000000e4e7ef20,0x00000000e5180000)
  to   space 11776K, 0% used [0x00000000e6a00000,0x00000000e6a00000,0x00000000e7580000)
 ParOldGen       total 67584K, used 9062K [0x00000000a0000000, 0x00000000a4200000, 0x00000000e0000000)
  object space 67584K, 13% used [0x00000000a0000000,0x00000000a08d98c8,0x00000000a4200000)
 Metaspace       used 34595K, capacity 35268K, committed 35416K, reserved 1079296K
  class space    used 4643K, capacity 4919K, committed 4992K, reserved 1048576K
}
Event: 50.515 GC heap before
{Heap before GC invocations=11 (full 2):
 PSYoungGen      total 83456K, used 8699K [0x00000000e0000000, 0x00000000e7580000, 0x0000000100000000)
  eden space 71680K, 0% used [0x00000000e0000000,0x00000000e0000000,0x00000000e4600000)
  from space 11776K, 73% used [0x00000000e4600000,0x00000000e4e7ef20,0x00000000e5180000)
  to   space 11776K, 0% used [0x00000000e6a00000,0x00000000e6a00000,0x00000000e7580000)
 ParOldGen       total 67584K, used 9062K [0x00000000a0000000, 0x00000000a4200000, 0x00000000e0000000)
  object space 67584K, 13% used [0x00000000a0000000,0x00000000a08d98c8,0x00000000a4200000)
 Metaspace       used 34595K, capacity 35268K, committed 35416K, reserved 1079296K
  class space    used 4643K, capacity 4919K, committed 4992K, reserved 1048576K
Event: 51.126 GC heap after
Heap after GC invocations=11 (full 2):
 PSYoungGen      total 83456K, used 0K [0x00000000e0000000, 0x00000000e7580000, 0x0000000100000000)
  eden space 71680K, 0% used [0x00000000e0000000,0x00000000e0000000,0x00000000e4600000)
  from space 11776K, 0% used [0x00000000e4600000,0x00000000e4600000,0x00000000e5180000)
  to   space 11776K, 0% used [0x00000000e6a00000,0x00000000e6a00000,0x00000000e7580000)
 ParOldGen       total 103936K, used 14873K [0x00000000a0000000, 0x00000000a6580000, 0x00000000e0000000)
  object space 103936K, 14% used [0x00000000a0000000,0x00000000a0e86710,0x00000000a6580000)
 Metaspace       used 34555K, capacity 35148K, committed 35416K, reserved 1079296K
  class space    used 4634K, capacity 4879K, committed 4992K, reserved 1048576K
}
Event: 59.528 GC heap before
{Heap before GC invocations=12 (full 2):
 PSYoungGen      total 83456K, used 71680K [0x00000000e0000000, 0x00000000e7580000, 0x0000000100000000)
  eden space 71680K, 100% used [0x00000000e0000000,0x00000000e4600000,0x00000000e4600000)
  from space 11776K, 0% used [0x00000000e4600000,0x00000000e4600000,0x00000000e5180000)
  to   space 11776K, 0% used [0x00000000e6a00000,0x00000000e6a00000,0x00000000e7580000)
 ParOldGen       total 103936K, used 14873K [0x00000000a0000000, 0x00000000a6580000, 0x00000000e0000000)
  object space 103936K, 14% used [0x00000000a0000000,0x00000000a0e86710,0x00000000a6580000)
 Metaspace       used 40991K, capacity 41864K, committed 42072K, reserved 1085440K
  class space    used 5429K, capacity 5757K, committed 5760K, reserved 1048576K
Event: 59.578 GC heap after
Heap after GC invocations=12 (full 2):
 PSYoungGen      total 96256K, used 6997K [0x00000000e0000000, 0x00000000e7100000, 0x0000000100000000)
  eden space 89088K, 0% used [0x00000000e0000000,0x00000000e0000000,0x00000000e5700000)
  from space 7168K, 97% used [0x00000000e6a00000,0x00000000e70d5788,0x00000000e7100000)
  to   space 11264K, 0% used [0x00000000e5b00000,0x00000000e5b00000,0x00000000e6600000)
 ParOldGen       total 103936K, used 14881K [0x00000000a0000000, 0x00000000a6580000, 0x00000000e0000000)
  object space 103936K, 14% used [0x00000000a0000000,0x00000000a0e88710,0x00000000a6580000)
 Metaspace       used 40991K, capacity 41864K, committed 42072K, reserved 1085440K
  class space    used 5429K, capacity 5757K, committed 5760K, reserved 1048576K
}

